<?xml version="1.0" encoding="UTF-8"?>
<!-- Generated by org.testng.reporters.JUnitReportReporter -->
<testsuite skipped="0" hostname="MAHESHBA01" name="test.WebPageTest" tests="1" failures="0" timestamp="09 May 2018 10:03:49 GMT" time="0.994" errors="0">
  <testcase name="test" time="0.994" classname="test.WebPageTest"/>
</testsuite> <!-- test.WebPageTest -->
