<?xml version="1.0" encoding="UTF-8"?>
<!-- Generated by org.testng.reporters.JUnitReportReporter -->
<testsuite skipped="0" hostname="LAPTOP-VHHM4112" name="test.java.testPage.WebPageTest" tests="1" failures="0" timestamp="18 Aug 2018 13:49:49 GMT" time="10.143" errors="0">
  <testcase name="test" time="10.143" classname="test.java.testPage.WebPageTest"/>
</testsuite> <!-- test.java.testPage.WebPageTest -->
